<?xml version="1.0" encoding="utf-8"?>
<TestRun id="190569eb-5fe7-4683-8d32-a024551c9492" name="Reynhard Buitendach@LD 2025-11-18 14:29:11" runUser="LD\Reynhard Buitendach" xmlns="http://microsoft.com/schemas/VisualStudio/TeamTest/2010">
  <Times creation="2025-11-18T14:29:11.0780139+13:00" queuing="2025-11-18T14:29:11.0780142+13:00" start="2025-11-18T14:29:09.5729331+13:00" finish="2025-11-18T14:29:11.0871592+13:00" />
  <TestSettings name="default" id="279af609-aa0f-444d-9510-8a2b641c1fd2">
    <Deployment runDeploymentRoot="Reynhard_Buitendach_LD_2025-11-18_14_29_11" />
  </TestSettings>
  <Results>
    <UnitTestResult executionId="46acde3f-b8cf-40d6-89e7-24a6649af9a0" testId="86665130-4249-9b27-7fde-6485542abc33" testName="Add_AddsTwoNumbers" computerName="LD" duration="00:00:00.0152280" startTime="2025-11-18T14:29:10.0000000+13:00" endTime="2025-11-18T14:29:10.0000000+13:00" testType="13cdc9d9-ddb5-4fa4-a97d-d965ccfc6d4b" outcome="Passed" testListId="8c84fa94-04c1-424b-9868-57a2d4851a1d" relativeResultsDirectory="46acde3f-b8cf-40d6-89e7-24a6649af9a0" />
    <UnitTestResult executionId="b1c1a222-19c4-490d-9a9c-0799dcde06aa" testId="ba7f5b8d-faaf-2985-31fc-9bfde775a8df" testName="Divide_ByNonZero_Works" computerName="LD" duration="00:00:00.0019270" startTime="2025-11-18T14:29:10.0000000+13:00" endTime="2025-11-18T14:29:10.0000000+13:00" testType="13cdc9d9-ddb5-4fa4-a97d-d965ccfc6d4b" outcome="Passed" testListId="8c84fa94-04c1-424b-9868-57a2d4851a1d" relativeResultsDirectory="b1c1a222-19c4-490d-9a9c-0799dcde06aa" />
    <UnitTestResult executionId="86ee550d-eb7c-49b6-92ff-439a47df2ea8" testId="808fd874-a0c8-ae09-2d8f-597a6429d762" testName="Divide_ByZero_Throws" computerName="LD" duration="00:00:00.0065080" startTime="2025-11-18T14:29:10.0000000+13:00" endTime="2025-11-18T14:29:10.0000000+13:00" testType="13cdc9d9-ddb5-4fa4-a97d-d965ccfc6d4b" outcome="Passed" testListId="8c84fa94-04c1-424b-9868-57a2d4851a1d" relativeResultsDirectory="86ee550d-eb7c-49b6-92ff-439a47df2ea8" />
  </Results>
  <TestDefinitions>
    <UnitTest name="Divide_ByNonZero_Works" storage="c:\users\reynhard buitendach\source\repos\demotests\tests\mathy.tests\bin\release\netcoreapp3.1\mathy.tests.dll" id="ba7f5b8d-faaf-2985-31fc-9bfde775a8df">
      <Execution id="b1c1a222-19c4-490d-9a9c-0799dcde06aa" />
      <TestMethod codeBase="C:\Users\Reynhard Buitendach\source\repos\DemoTests\tests\Mathy.Tests\bin\Release\netcoreapp3.1\Mathy.Tests.dll" adapterTypeName="executor://nunit3testexecutor/" className="Mathy.Tests.CalculatorTests" name="Divide_ByNonZero_Works" />
    </UnitTest>
    <UnitTest name="Divide_ByZero_Throws" storage="c:\users\reynhard buitendach\source\repos\demotests\tests\mathy.tests\bin\release\netcoreapp3.1\mathy.tests.dll" id="808fd874-a0c8-ae09-2d8f-597a6429d762">
      <Execution id="86ee550d-eb7c-49b6-92ff-439a47df2ea8" />
      <TestMethod codeBase="C:\Users\Reynhard Buitendach\source\repos\DemoTests\tests\Mathy.Tests\bin\Release\netcoreapp3.1\Mathy.Tests.dll" adapterTypeName="executor://nunit3testexecutor/" className="Mathy.Tests.CalculatorTests" name="Divide_ByZero_Throws" />
    </UnitTest>
    <UnitTest name="Add_AddsTwoNumbers" storage="c:\users\reynhard buitendach\source\repos\demotests\tests\mathy.tests\bin\release\netcoreapp3.1\mathy.tests.dll" id="86665130-4249-9b27-7fde-6485542abc33">
      <Execution id="46acde3f-b8cf-40d6-89e7-24a6649af9a0" />
      <TestMethod codeBase="C:\Users\Reynhard Buitendach\source\repos\DemoTests\tests\Mathy.Tests\bin\Release\netcoreapp3.1\Mathy.Tests.dll" adapterTypeName="executor://nunit3testexecutor/" className="Mathy.Tests.CalculatorTests" name="Add_AddsTwoNumbers" />
    </UnitTest>
  </TestDefinitions>
  <TestEntries>
    <TestEntry testId="86665130-4249-9b27-7fde-6485542abc33" executionId="46acde3f-b8cf-40d6-89e7-24a6649af9a0" testListId="8c84fa94-04c1-424b-9868-57a2d4851a1d" />
    <TestEntry testId="ba7f5b8d-faaf-2985-31fc-9bfde775a8df" executionId="b1c1a222-19c4-490d-9a9c-0799dcde06aa" testListId="8c84fa94-04c1-424b-9868-57a2d4851a1d" />
    <TestEntry testId="808fd874-a0c8-ae09-2d8f-597a6429d762" executionId="86ee550d-eb7c-49b6-92ff-439a47df2ea8" testListId="8c84fa94-04c1-424b-9868-57a2d4851a1d" />
  </TestEntries>
  <TestLists>
    <TestList name="Results Not in a List" id="8c84fa94-04c1-424b-9868-57a2d4851a1d" />
    <TestList name="All Loaded Results" id="19431567-8539-422a-85d7-44ee4e166bda" />
  </TestLists>
  <ResultSummary outcome="Completed">
    <Counters total="3" executed="3" passed="3" failed="0" error="0" timeout="0" aborted="0" inconclusive="0" passedButRunAborted="0" notRunnable="0" notExecuted="0" disconnected="0" warning="0" completed="0" inProgress="0" pending="0" />
    <Output>
      <StdOut>NUnit Adapter 3.16.1.0: Test execution started&#xD;
Running all tests in C:\Users\Reynhard Buitendach\source\repos\DemoTests\tests\Mathy.Tests\bin\Release\netcoreapp3.1\Mathy.Tests.dll&#xD;
   NUnit3TestExecutor converted 3 of 3 NUnit test cases&#xD;
NUnit Adapter 3.16.1.0: Test execution complete&#xD;
</StdOut>
    </Output>
  </ResultSummary>
</TestRun>